%MSG-w GeometryGlobalTrackingGeometryBuilder:   CSCOverlapsTrackPreparation:CSCOverlapsTrackPreparation  05-Dec-2008 01:12:52 CET  Run: 6660008 Event: 7
No TrackerDigiGeometryRecord is available.
%MSG
%MSG-w GeometryGlobalTrackingGeometryBuilder:   CSCOverlapsTrackPreparation:CSCOverlapsTrackPreparation  05-Dec-2008 01:12:52 CET  Run: 6660008 Event: 7
No RPC geometry is available.
%MSG
%MSG-w RFIOFileRetry:  CSCOverlapsTrackPreparation:CSCOverlapsTrackPreparation  05-Dec-2008 01:18:53 CET  Run: 6660070 Event: 19
RFIOFile retrying read
  return value from rfio_read64 = -1 (normally this is bytes read, -1 for error)
  bytes requested = 14782  (this and bytes read are equal unless error or EOF)
  rfio error message = Timed out (explanation from server, if possible)
  serrno = 1004 (rfio server error code, 0 = OK, 1004 = timeout, ...)
  rfio_errno = 0 (rfio error from actually accessing the file)
  current position = 136352645 (in bytes, beginning of file is 0)
  retries left before quitting = 3
  will close and reopen file rfio:///?path=/castor/cern.ch/cms/store/cmscaf/alca/alignment/iCSA08/BeamHalo/ALCARECO/Filter_CSA08_MuonBeamHalo_01.root
  will sleep for 1 minute before attempting retry
%MSG
%MSG-w RFIOFileWarning:   CSCOverlapsTrackPreparation:CSCOverlapsTrackPreparation  05-Dec-2008 01:24:53 CET  Run: 6660070 Event: 19
rfio_close64(name='rfio:///?path=/castor/cern.ch/cms/store/cmscaf/alca/alignment/iCSA08/BeamHalo/ALCARECO/Filter_CSA08_MuonBeamHalo_01.root') failed with error 'Timed out' (rfio_errno=0, serrno=1004)
%MSG
%MSG-w RFIOFileWarning:   CSCOverlapsTrackPreparation:CSCOverlapsTrackPreparation  05-Dec-2008 01:24:53 CET  Run: 6660070 Event: 19
RFIOFile::close(): system level close after a failed rfio_close64 also failed with error 'Bad file descriptor' (error code 9)
%MSG
%MSG-w RFIOFileRetry:  CSCOverlapsTrackPreparation:CSCOverlapsTrackPreparation  05-Dec-2008 01:30:32 CET  Run: 6660037 Event: 3294
RFIOFile retrying read
  return value from rfio_read64 = -1 (normally this is bytes read, -1 for error)
  bytes requested = 4130  (this and bytes read are equal unless error or EOF)
  rfio error message = Timed out (explanation from server, if possible)
  serrno = 1004 (rfio server error code, 0 = OK, 1004 = timeout, ...)
  rfio_errno = 0 (rfio error from actually accessing the file)
  current position = 3704581 (in bytes, beginning of file is 0)
  retries left before quitting = 3
  will close and reopen file rfio:///?path=/castor/cern.ch/cms/store/cmscaf/alca/alignment/iCSA08/BeamHalo/ALCARECO/Filter_CSA08_MuonBeamHalo_05.root
  will sleep for 1 minute before attempting retry
%MSG
%MSG-w RFIOFileWarning:   CSCOverlapsTrackPreparation:CSCOverlapsTrackPreparation  05-Dec-2008 01:36:32 CET  Run: 6660037 Event: 3294
rfio_close64(name='rfio:///?path=/castor/cern.ch/cms/store/cmscaf/alca/alignment/iCSA08/BeamHalo/ALCARECO/Filter_CSA08_MuonBeamHalo_05.root') failed with error 'Timed out' (rfio_errno=0, serrno=1004)
%MSG
%MSG-w RFIOFileWarning:   CSCOverlapsTrackPreparation:CSCOverlapsTrackPreparation  05-Dec-2008 01:36:32 CET  Run: 6660037 Event: 3294
RFIOFile::close(): system level close after a failed rfio_close64 also failed with error 'Bad file descriptor' (error code 9)
%MSG
********** phipos results for ME-2/1 ***********************************************************
(residuals, parameters, and closure are phi positions in radians, multiply by 1000 for mrad or 2427 for rphi displacement in mm)

1-18 residuals: 0.000523342 RMS/sqrt(584): 1.82528e-05 old chi2i: 2.73887e-07 new chi2i: 6.67049e-11
delta parameter 1: 0.000484779
2-1 residuals: -0.00091912 RMS/sqrt(337): 2.71769e-05 old chi2i: 8.44782e-07 new chi2i: 6.67049e-11
delta parameter 2: -0.000426174
3-2 residuals: 2.16615e-05 RMS/sqrt(254): 3.41573e-05 old chi2i: 4.69221e-10 new chi2i: 6.67049e-11
delta parameter 3: -0.000396345
4-3 residuals: 0.000430229 RMS/sqrt(202): 3.31947e-05 old chi2i: 1.85097e-07 new chi2i: 6.67049e-11
delta parameter 4: 4.20513e-05
5-4 residuals: -0.000688896 RMS/sqrt(236): 3.95922e-05 old chi2i: 4.74577e-07 new chi2i: 6.67049e-11
delta parameter 5: -0.000638677
6-5 residuals: 0.00134227 RMS/sqrt(316): 3.10054e-05 old chi2i: 1.80169e-06 new chi2i: 6.67049e-11
delta parameter 6: 0.000711762
7-6 residuals: -0.000195968 RMS/sqrt(334): 2.66232e-05 old chi2i: 3.84036e-08 new chi2i: 6.67049e-11
delta parameter 7: 0.000523961
8-7 residuals: -0.000857497 RMS/sqrt(393): 2.5546e-05 old chi2i: 7.35302e-07 new chi2i: 6.67049e-11
delta parameter 8: -0.000325369
9-8 residuals: 0.000649531 RMS/sqrt(492): 2.54825e-05 old chi2i: 4.2189e-07 new chi2i: 6.67049e-11
delta parameter 9: 0.000332329
10-9 residuals: -1.90761e-05 RMS/sqrt(933): 1.74969e-05 old chi2i: 3.63898e-10 new chi2i: 6.67049e-11
delta parameter 10: 0.00032142
11-10 residuals: -0.000543194 RMS/sqrt(775): 3.06877e-05 old chi2i: 2.9506e-07 new chi2i: 6.67049e-11
delta parameter 11: -0.000213607
12-11 residuals: 0.000361192 RMS/sqrt(364): 4.21053e-05 old chi2i: 1.30459e-07 new chi2i: 6.67049e-11
delta parameter 12: 0.000155752
13-12 residuals: -6.06971e-05 RMS/sqrt(183): 4.70158e-05 old chi2i: 3.68414e-09 new chi2i: 6.67049e-11
delta parameter 13: 0.000103222
14-13 residuals: -8.74862e-05 RMS/sqrt(118): 4.50341e-05 old chi2i: 7.65383e-09 new chi2i: 6.67049e-11
delta parameter 14: 2.39035e-05
15-14 residuals: -0.000711111 RMS/sqrt(140): 6.52778e-05 old chi2i: 5.05679e-07 new chi2i: 6.67049e-11
delta parameter 15: -0.00067904
16-15 residuals: 0.000328016 RMS/sqrt(106): 7.31528e-05 old chi2i: 1.07594e-07 new chi2i: 6.67049e-11
delta parameter 16: -0.000342858
17-16 residuals: 0.000704309 RMS/sqrt(145): 4.07881e-05 old chi2i: 4.96051e-07 new chi2i: 6.67049e-11
delta parameter 17: 0.000369619
18-17 residuals: -0.000424516 RMS/sqrt(262): 2.83809e-05 old chi2i: 1.80214e-07 new chi2i: 6.67049e-11
delta parameter 18: -4.673e-05

Mean of corrections: 1.20467e-20
Total closure: -0.000147012 ErrFromRMS: 0.000164988 closure per chamber: -8.16731e-06
Old chi2: 6.50286e-06 New chi2: 1.20069e-09

********** phipos results for ME-3/1 ***********************************************************
(residuals, parameters, and closure are phi positions in radians, multiply by 1000 for mrad or 2527 for rphi displacement in mm)

1-18 residuals: -0.000281133 RMS/sqrt(312): 3.36892e-05 old chi2i: 7.90357e-08 new chi2i: 3.22418e-07
delta parameter 1: -0.000330815
2-1 residuals: -0.000422108 RMS/sqrt(246): 3.08651e-05 old chi2i: 1.78175e-07 new chi2i: 7.22106e-07
delta parameter 2: 9.68456e-05
3-2 residuals: 0.000283143 RMS/sqrt(150): 3.88259e-05 old chi2i: 8.01701e-08 new chi2i: 3.14423e-07
delta parameter 3: -0.000180745
4-3 residuals: -0.000124561 RMS/sqrt(155): 3.77846e-05 old chi2i: 1.55156e-08 new chi2i: 6.48597e-08
delta parameter 4: -5.06308e-05
5-4 residuals: -0.000819226 RMS/sqrt(163): 4.54986e-05 old chi2i: 6.71131e-07 new chi2i: 2.70275e-06
delta parameter 5: 0.000774148
6-5 residuals: 0.000250767 RMS/sqrt(238): 2.92849e-05 old chi2i: 6.28843e-08 new chi2i: 2.45998e-07
delta parameter 6: 0.000528933
7-6 residuals: 0.00045189 RMS/sqrt(202): 4.5735e-05 old chi2i: 2.04204e-07 new chi2i: 8.06811e-07
delta parameter 7: 8.25964e-05
8-7 residuals: -4.79761e-05 RMS/sqrt(237): 6.62761e-05 old chi2i: 2.30171e-09 new chi2i: 1.03032e-08
delta parameter 8: 0.000136125
9-8 residuals: 0.000117546 RMS/sqrt(342): 3.78657e-05 old chi2i: 1.38171e-08 new chi2i: 5.26883e-08
delta parameter 9: 2.41319e-05
10-9 residuals: -9.08912e-05 RMS/sqrt(600): 2.2087e-05 old chi2i: 8.26121e-09 new chi2i: 3.50944e-08
delta parameter 10: 0.000120576
11-10 residuals: -0.000351241 RMS/sqrt(603): 2.05879e-05 old chi2i: 1.2337e-07 new chi2i: 5.01313e-07
delta parameter 11: 0.000477369
12-11 residuals: 0.00123769 RMS/sqrt(229): 3.62074e-05 old chi2i: 1.53188e-06 new chi2i: 6.10005e-06
delta parameter 12: -0.000754768
13-12 residuals: -0.000748188 RMS/sqrt(102): 5.07472e-05 old chi2i: 5.59785e-07 new chi2i: 2.25579e-06
delta parameter 13: -1.02731e-06
14-13 residuals: 0.00037587 RMS/sqrt(99): 5.33499e-05 old chi2i: 1.41278e-07 new chi2i: 5.56795e-07
delta parameter 14: -0.000371344
15-14 residuals: -0.000635606 RMS/sqrt(107): 4.53142e-05 old chi2i: 4.03995e-07 new chi2i: 1.63013e-06
delta parameter 15: 0.000269814
16-15 residuals: 0.00018225 RMS/sqrt(69): 5.97042e-05 old chi2i: 3.3215e-08 new chi2i: 1.28843e-07
delta parameter 16: 9.3117e-05
17-16 residuals: 0.000395496 RMS/sqrt(95): 5.66939e-05 old chi2i: 1.56417e-07 new chi2i: 6.16915e-07
delta parameter 17: -0.000296826
18-17 residuals: 0.000326227 RMS/sqrt(215): 4.47194e-05 old chi2i: 1.06424e-07 new chi2i: 4.1848e-07
delta parameter 18: -0.0006175

Mean of corrections: -1.4891e-20
Total closure: 9.99481e-05 ErrFromRMS: 0.000185323 closure per chamber: 5.55267e-06
Old chi2: 4.37186e-06 New chi2: 1.74858e-05


Main Thread CPU elapsed time 1081
